[09-Dec-2022 03:24:45 UTC] PHP Warning:  Undefined variable $_COG_ALLOW_HEADER in /newdata/vhosts/soneparthailand.com/httpdocs/v3/ControlPanel/product/_config.php on line 12
[09-Dec-2022 03:24:45 UTC] PHP Warning:  Undefined variable $_COG_ALLOW_HEADER in /newdata/vhosts/soneparthailand.com/httpdocs/v3/ControlPanel/product/_config.php on line 12
[09-Dec-2022 03:24:45 UTC] PHP Warning:  Undefined variable $_COG_ALLOW_HEADER in /newdata/vhosts/soneparthailand.com/httpdocs/v3/ControlPanel/product/_config.php on line 12
[09-Dec-2022 03:24:45 UTC] PHP Warning:  include(/var/www/vhosts/soneparthailand.com/httpdocs/ControlPanel/assets/b4w-framework/UtilService.php): Failed to open stream: No such file or directory in /newdata/vhosts/soneparthailand.com/httpdocs/v3/ControlPanel/product/productModelLoadData.php on line 1
[09-Dec-2022 03:24:45 UTC] PHP Warning:  include(): Failed opening '/var/www/vhosts/soneparthailand.com/httpdocs/ControlPanel/assets/b4w-framework/UtilService.php' for inclusion (include_path='.:/opt/plesk/php/8.1/share/pear') in /newdata/vhosts/soneparthailand.com/httpdocs/v3/ControlPanel/product/productModelLoadData.php on line 1
[09-Dec-2022 03:24:45 UTC] PHP Fatal error:  Uncaught Error: Call to undefined function SelectRows() in /newdata/vhosts/soneparthailand.com/httpdocs/v3/ControlPanel/product/productModelLoadData.php:11
Stack trace:
#0 {main}
  thrown in /newdata/vhosts/soneparthailand.com/httpdocs/v3/ControlPanel/product/productModelLoadData.php on line 11
[09-Dec-2022 04:22:00 UTC] PHP Warning:  Undefined variable $_COG_ALLOW_HEADER in /newdata/vhosts/soneparthailand.com/httpdocs/v3/ControlPanel/product/_config.php on line 12
[09-Dec-2022 04:22:42 UTC] PHP Warning:  Undefined variable $_COG_ALLOW_HEADER in /newdata/vhosts/soneparthailand.com/httpdocs/v3/ControlPanel/product/_config.php on line 12
[09-Dec-2022 04:22:46 UTC] PHP Warning:  Undefined variable $_COG_ALLOW_HEADER in /newdata/vhosts/soneparthailand.com/httpdocs/v3/ControlPanel/product/_config.php on line 12
[09-Dec-2022 04:22:59 UTC] PHP Warning:  Undefined variable $_COG_ALLOW_HEADER in /newdata/vhosts/soneparthailand.com/httpdocs/v3/ControlPanel/product/_config.php on line 12
[09-Dec-2022 04:23:02 UTC] PHP Warning:  Undefined variable $_COG_ALLOW_HEADER in /newdata/vhosts/soneparthailand.com/httpdocs/v3/ControlPanel/product/_config.php on line 12
[09-Dec-2022 04:23:12 UTC] PHP Warning:  Undefined variable $_COG_ALLOW_HEADER in /newdata/vhosts/soneparthailand.com/httpdocs/v3/ControlPanel/product/_config.php on line 12
[09-Dec-2022 04:23:15 UTC] PHP Warning:  Undefined variable $_COG_ALLOW_HEADER in /newdata/vhosts/soneparthailand.com/httpdocs/v3/ControlPanel/product/_config.php on line 12
[09-Dec-2022 04:23:32 UTC] PHP Warning:  Undefined variable $_COG_ALLOW_HEADER in /newdata/vhosts/soneparthailand.com/httpdocs/v3/ControlPanel/product/_config.php on line 12
[09-Dec-2022 04:23:37 UTC] PHP Warning:  Undefined variable $_COG_ALLOW_HEADER in /newdata/vhosts/soneparthailand.com/httpdocs/v3/ControlPanel/product/_config.php on line 12
[09-Dec-2022 04:24:00 UTC] PHP Warning:  Undefined variable $_COG_ALLOW_HEADER in /newdata/vhosts/soneparthailand.com/httpdocs/v3/ControlPanel/product/_config.php on line 12
[09-Dec-2022 04:24:18 UTC] PHP Warning:  Undefined variable $_COG_ALLOW_HEADER in /newdata/vhosts/soneparthailand.com/httpdocs/v3/ControlPanel/product/_config.php on line 12
[09-Dec-2022 04:24:22 UTC] PHP Warning:  Undefined variable $_COG_ALLOW_HEADER in /newdata/vhosts/soneparthailand.com/httpdocs/v3/ControlPanel/product/_config.php on line 12
[09-Dec-2022 04:24:29 UTC] PHP Warning:  Undefined variable $_COG_ALLOW_HEADER in /newdata/vhosts/soneparthailand.com/httpdocs/v3/ControlPanel/product/_config.php on line 12
[09-Dec-2022 04:24:33 UTC] PHP Warning:  Undefined variable $_COG_ALLOW_HEADER in /newdata/vhosts/soneparthailand.com/httpdocs/v3/ControlPanel/product/_config.php on line 12
[09-Dec-2022 04:24:48 UTC] PHP Warning:  Undefined variable $_COG_ALLOW_HEADER in /newdata/vhosts/soneparthailand.com/httpdocs/v3/ControlPanel/product/_config.php on line 12
[09-Dec-2022 04:24:56 UTC] PHP Warning:  Undefined variable $_COG_ALLOW_HEADER in /newdata/vhosts/soneparthailand.com/httpdocs/v3/ControlPanel/product/_config.php on line 12
[09-Dec-2022 04:25:12 UTC] PHP Warning:  Undefined variable $_COG_ALLOW_HEADER in /newdata/vhosts/soneparthailand.com/httpdocs/v3/ControlPanel/product/_config.php on line 12
[09-Dec-2022 04:25:29 UTC] PHP Warning:  Undefined variable $_COG_ALLOW_HEADER in /newdata/vhosts/soneparthailand.com/httpdocs/v3/ControlPanel/product/_config.php on line 12
[09-Dec-2022 04:25:42 UTC] PHP Warning:  Undefined variable $_COG_ALLOW_HEADER in /newdata/vhosts/soneparthailand.com/httpdocs/v3/ControlPanel/product/_config.php on line 12
[19-May-2023 08:34:44 UTC] PHP Fatal error:  Uncaught Error: Call to undefined function mysql_fetch_array() in /newdata/vhosts/soneparthailand.com/httpdocs/ControlPanel/product/productModelLoadData.php:12
Stack trace:
#0 {main}
  thrown in /newdata/vhosts/soneparthailand.com/httpdocs/ControlPanel/product/productModelLoadData.php on line 12
[19-May-2023 08:42:43 UTC] PHP Fatal error:  Uncaught Error: Call to undefined function mysql_fetch_array() in /newdata/vhosts/soneparthailand.com/httpdocs/ControlPanel/product/productModelLoadData.php:12
Stack trace:
#0 {main}
  thrown in /newdata/vhosts/soneparthailand.com/httpdocs/ControlPanel/product/productModelLoadData.php on line 12
[19-May-2023 08:42:51 UTC] PHP Fatal error:  Uncaught Error: Call to undefined function mysql_fetch_array() in /newdata/vhosts/soneparthailand.com/httpdocs/ControlPanel/product/productModelLoadData.php:12
Stack trace:
#0 {main}
  thrown in /newdata/vhosts/soneparthailand.com/httpdocs/ControlPanel/product/productModelLoadData.php on line 12
[19-May-2023 08:43:05 UTC] PHP Fatal error:  Uncaught Error: Call to undefined function mysql_fetch_array() in /newdata/vhosts/soneparthailand.com/httpdocs/ControlPanel/product/productModelLoadData.php:12
Stack trace:
#0 {main}
  thrown in /newdata/vhosts/soneparthailand.com/httpdocs/ControlPanel/product/productModelLoadData.php on line 12
[29-Sep-2023 02:34:08 UTC] PHP Warning:  Undefined variable $_COG_ALLOW_HEADER in /newdata/vhosts/soneparthailand.com/httpdocs/ControlPanel/product/_config.php on line 12
[29-Sep-2023 02:34:08 UTC] PHP Warning:  Undefined variable $_COG_ALLOW_HEADER in /newdata/vhosts/soneparthailand.com/httpdocs/ControlPanel/product/_config.php on line 12
[29-Sep-2023 02:34:08 UTC] PHP Warning:  Undefined variable $_COG_ALLOW_HEADER in /newdata/vhosts/soneparthailand.com/httpdocs/ControlPanel/product/_config.php on line 12
[02-Oct-2023 07:34:23 UTC] PHP Warning:  Undefined variable $_COG_ALLOW_HEADER in /newdata/vhosts/soneparthailand.com/httpdocs/ControlPanel/product/_config.php on line 12
[02-Oct-2023 07:34:24 UTC] PHP Warning:  Undefined variable $_COG_ALLOW_HEADER in /newdata/vhosts/soneparthailand.com/httpdocs/ControlPanel/product/_config.php on line 12
[02-Oct-2023 07:34:24 UTC] PHP Warning:  Undefined variable $_COG_ALLOW_HEADER in /newdata/vhosts/soneparthailand.com/httpdocs/ControlPanel/product/_config.php on line 12
[02-Oct-2023 07:35:00 UTC] PHP Warning:  Undefined variable $_COG_ALLOW_HEADER in /newdata/vhosts/soneparthailand.com/httpdocs/ControlPanel/product/_config.php on line 12
[02-Oct-2023 07:35:00 UTC] PHP Warning:  Undefined variable $_COG_ALLOW_HEADER in /newdata/vhosts/soneparthailand.com/httpdocs/ControlPanel/product/_config.php on line 12
[02-Oct-2023 07:35:00 UTC] PHP Warning:  Undefined variable $_COG_ALLOW_HEADER in /newdata/vhosts/soneparthailand.com/httpdocs/ControlPanel/product/_config.php on line 12
[24-Oct-2023 08:04:37 UTC] PHP Warning:  Undefined variable $_COG_ALLOW_HEADER in /newdata/vhosts/soneparthailand.com/httpdocs/ControlPanel/product/_config.php on line 12
[24-Oct-2023 08:04:37 UTC] PHP Warning:  Undefined variable $_COG_ALLOW_HEADER in /newdata/vhosts/soneparthailand.com/httpdocs/ControlPanel/product/_config.php on line 12
[24-Oct-2023 08:04:37 UTC] PHP Warning:  Undefined variable $_COG_ALLOW_HEADER in /newdata/vhosts/soneparthailand.com/httpdocs/ControlPanel/product/_config.php on line 12
[27-Oct-2023 02:27:27 UTC] PHP Warning:  Undefined variable $_COG_ALLOW_HEADER in /newdata/vhosts/soneparthailand.com/httpdocs/ControlPanel/product/_config.php on line 12
[27-Oct-2023 02:27:27 UTC] PHP Warning:  Undefined variable $_COG_ALLOW_HEADER in /newdata/vhosts/soneparthailand.com/httpdocs/ControlPanel/product/_config.php on line 12
[27-Oct-2023 02:27:27 UTC] PHP Warning:  Undefined variable $_COG_ALLOW_HEADER in /newdata/vhosts/soneparthailand.com/httpdocs/ControlPanel/product/_config.php on line 12
[30-Oct-2023 04:33:54 UTC] PHP Warning:  Undefined variable $_COG_ALLOW_HEADER in /newdata/vhosts/soneparthailand.com/httpdocs/ControlPanel/product/_config.php on line 12
[30-Oct-2023 04:33:54 UTC] PHP Warning:  Undefined variable $_COG_ALLOW_HEADER in /newdata/vhosts/soneparthailand.com/httpdocs/ControlPanel/product/_config.php on line 12
[30-Oct-2023 04:33:54 UTC] PHP Warning:  Undefined variable $_COG_ALLOW_HEADER in /newdata/vhosts/soneparthailand.com/httpdocs/ControlPanel/product/_config.php on line 12
[30-Oct-2023 04:34:01 UTC] PHP Warning:  Undefined variable $_COG_ALLOW_HEADER in /newdata/vhosts/soneparthailand.com/httpdocs/ControlPanel/product/_config.php on line 12
[30-Oct-2023 04:34:11 UTC] PHP Warning:  Undefined variable $_COG_ALLOW_HEADER in /newdata/vhosts/soneparthailand.com/httpdocs/ControlPanel/product/_config.php on line 12
[30-Oct-2023 04:34:11 UTC] PHP Warning:  Undefined variable $_COG_ALLOW_HEADER in /newdata/vhosts/soneparthailand.com/httpdocs/ControlPanel/product/_config.php on line 12
[30-Oct-2023 04:34:11 UTC] PHP Warning:  Undefined variable $_COG_ALLOW_HEADER in /newdata/vhosts/soneparthailand.com/httpdocs/ControlPanel/product/_config.php on line 12
[30-Oct-2023 04:34:15 UTC] PHP Warning:  Undefined variable $_COG_ALLOW_HEADER in /newdata/vhosts/soneparthailand.com/httpdocs/ControlPanel/product/_config.php on line 12
[30-Oct-2023 04:34:15 UTC] PHP Warning:  Undefined variable $_COG_ALLOW_HEADER in /newdata/vhosts/soneparthailand.com/httpdocs/ControlPanel/product/_config.php on line 12
[30-Oct-2023 04:34:15 UTC] PHP Warning:  Undefined variable $_COG_ALLOW_HEADER in /newdata/vhosts/soneparthailand.com/httpdocs/ControlPanel/product/_config.php on line 12
[30-Oct-2023 04:34:27 UTC] PHP Warning:  Undefined variable $_COG_ALLOW_HEADER in /newdata/vhosts/soneparthailand.com/httpdocs/ControlPanel/product/_config.php on line 12
[30-Oct-2023 04:34:27 UTC] PHP Warning:  Undefined variable $_COG_ALLOW_HEADER in /newdata/vhosts/soneparthailand.com/httpdocs/ControlPanel/product/_config.php on line 12
[30-Oct-2023 04:34:27 UTC] PHP Warning:  Undefined variable $_COG_ALLOW_HEADER in /newdata/vhosts/soneparthailand.com/httpdocs/ControlPanel/product/_config.php on line 12
[30-Oct-2023 04:34:34 UTC] PHP Warning:  Undefined variable $_COG_ALLOW_HEADER in /newdata/vhosts/soneparthailand.com/httpdocs/ControlPanel/product/_config.php on line 12
[30-Oct-2023 04:34:39 UTC] PHP Warning:  Undefined variable $_COG_ALLOW_HEADER in /newdata/vhosts/soneparthailand.com/httpdocs/ControlPanel/product/_config.php on line 12
[30-Oct-2023 04:34:39 UTC] PHP Warning:  Undefined variable $_COG_ALLOW_HEADER in /newdata/vhosts/soneparthailand.com/httpdocs/ControlPanel/product/_config.php on line 12
[30-Oct-2023 04:34:39 UTC] PHP Warning:  Undefined variable $_COG_ALLOW_HEADER in /newdata/vhosts/soneparthailand.com/httpdocs/ControlPanel/product/_config.php on line 12
[30-Oct-2023 04:36:01 UTC] PHP Warning:  Undefined variable $_COG_ALLOW_HEADER in /newdata/vhosts/soneparthailand.com/httpdocs/ControlPanel/product/_config.php on line 12
[30-Oct-2023 04:36:01 UTC] PHP Warning:  Undefined variable $_COG_ALLOW_HEADER in /newdata/vhosts/soneparthailand.com/httpdocs/ControlPanel/product/_config.php on line 12
[30-Oct-2023 04:36:01 UTC] PHP Warning:  Undefined variable $_COG_ALLOW_HEADER in /newdata/vhosts/soneparthailand.com/httpdocs/ControlPanel/product/_config.php on line 12
